2025-09-02 10:51:53,528 - FundMonitor - INFO - 数据爬取器初始化成功
2025-09-02 10:51:53,529 - FundMonitor - INFO - 邮件发送器初始化成功
2025-09-02 10:51:53,529 - FundMonitor - INFO - 数据处理器初始化成功
2025-09-02 10:51:53,529 - FundMonitor - INFO - 基金监控系统初始化完成
2025-09-02 10:51:53,529 - FundMonitor - INFO - 验证系统配置...
2025-09-02 10:51:53,529 - FundMonitor - INFO - 配置验证通过
2025-09-02 11:11:08,670 - FundMonitor - INFO - 数据爬取器初始化成功
2025-09-02 11:11:08,671 - FundMonitor - INFO - 邮件发送器初始化成功
2025-09-02 11:11:08,672 - FundMonitor - INFO - 数据处理器初始化成功
2025-09-02 11:11:08,672 - FundMonitor - INFO - 基金监控系统初始化完成
2025-09-02 11:11:08,672 - FundMonitor - INFO - 验证系统配置...
2025-09-02 11:11:08,672 - FundMonitor - INFO - 配置验证通过
2025-09-02 11:11:14,236 - FundMonitor - INFO - 数据爬取器初始化成功
2025-09-02 11:11:14,237 - FundMonitor - INFO - 邮件发送器初始化成功
2025-09-02 11:11:14,237 - FundMonitor - INFO - 数据处理器初始化成功
2025-09-02 11:11:14,237 - FundMonitor - INFO - 基金监控系统初始化完成
2025-09-02 11:11:14,237 - FundMonitor - INFO - 验证系统配置...
2025-09-02 11:11:14,237 - FundMonitor - INFO - 配置验证通过
2025-09-02 11:11:14,237 - FundMonitor - INFO - ==================================================
2025-09-02 11:11:14,237 - FundMonitor - INFO - 开始基金监控任务
2025-09-02 11:11:14,237 - FundMonitor - INFO - 步骤1: 获取基金数据
2025-09-02 11:12:33,198 - FundMonitor - INFO - 成功获取 5 个基金数据
2025-09-02 11:12:33,198 - FundMonitor - INFO - 步骤2: 处理基金数据
2025-09-02 11:12:33,199 - FundMonitor - INFO - 数据汇总: 5个基金, 0涨5跌, 0个预警
2025-09-02 11:12:33,199 - FundMonitor - INFO - 步骤3: 保存历史数据
2025-09-02 11:12:33,201 - FundMonitor - INFO - 历史数据保存成功
2025-09-02 11:12:33,201 - FundMonitor - INFO - 步骤4: 发送邮件报告
2025-09-02 11:12:34,015 - FundMonitor - INFO - 邮件报告发送成功
2025-09-02 11:12:34,015 - FundMonitor - INFO - 基金监控任务完成，耗时 79.78 秒
2025-09-02 11:12:34,015 - FundMonitor - INFO - ==================================================
2025-09-02 11:28:06,529 - FundMonitor - INFO - 数据爬取器初始化成功
2025-09-02 11:28:06,529 - FundMonitor - INFO - 邮件发送器初始化成功
2025-09-02 11:28:06,530 - FundMonitor - INFO - 数据处理器初始化成功
2025-09-02 11:28:06,530 - FundMonitor - INFO - 基金监控系统初始化完成
2025-09-02 11:28:06,530 - FundMonitor - INFO - 验证系统配置...
2025-09-02 11:28:06,530 - FundMonitor - INFO - 配置验证通过
2025-09-02 11:28:06,530 - FundMonitor - INFO - ==================================================
2025-09-02 11:28:06,530 - FundMonitor - INFO - 开始基金监控任务
2025-09-02 11:28:06,530 - FundMonitor - INFO - 步骤1: 获取基金数据
2025-09-02 11:29:29,692 - FundMonitor - INFO - 成功获取 5 个基金数据
2025-09-02 11:29:29,692 - FundMonitor - INFO - 步骤2: 处理基金数据
2025-09-02 11:29:29,693 - FundMonitor - INFO - 数据汇总: 5个基金, 0涨5跌, 0个预警
2025-09-02 11:29:29,693 - FundMonitor - INFO - 步骤3: 保存历史数据
2025-09-02 11:29:29,695 - FundMonitor - INFO - 历史数据保存成功
2025-09-02 11:29:29,695 - FundMonitor - INFO - 步骤4: 发送邮件报告
2025-09-02 11:29:31,525 - FundMonitor - INFO - 邮件报告发送成功
2025-09-02 11:29:31,525 - FundMonitor - INFO - 基金监控任务完成，耗时 85.00 秒
2025-09-02 11:29:31,525 - FundMonitor - INFO - ==================================================
